d:\projects\cpp\visual studio 2017\doan\doan\x64\debug\vc140.pdb
d:\projects\cpp\visual studio 2017\doan\doan\x64\debug\vc140.idb
d:\projects\cpp\visual studio 2017\doan\doan\x64\debug\ds_hoadon.obj
d:\projects\cpp\visual studio 2017\doan\doan\x64\debug\ds_vattu.obj
d:\projects\cpp\visual studio 2017\doan\doan\x64\debug\main.obj
d:\projects\cpp\visual studio 2017\doan\doan\x64\debug\so sanh chuoi quick sort.obj
d:\projects\cpp\visual studio 2017\doan\doan\x64\debug\nodes_dshoadon.obj
d:\projects\cpp\visual studio 2017\doan\doan\x64\debug\vattu.obj
d:\projects\cpp\visual studio 2017\doan\doan\x64\debug\hoadon.obj
d:\projects\cpp\visual studio 2017\doan\x64\debug\doan.pdb
d:\projects\cpp\visual studio 2017\doan\doan\x64\debug\doan.tlog\cl.command.1.tlog
d:\projects\cpp\visual studio 2017\doan\doan\x64\debug\doan.tlog\cl.read.1.tlog
d:\projects\cpp\visual studio 2017\doan\doan\x64\debug\doan.tlog\cl.write.1.tlog
d:\projects\cpp\visual studio 2017\doan\doan\x64\debug\doan.tlog\link-cvtres.read.1.tlog
d:\projects\cpp\visual studio 2017\doan\doan\x64\debug\doan.tlog\link-cvtres.write.1.tlog
d:\projects\cpp\visual studio 2017\doan\doan\x64\debug\doan.tlog\link-rc.read.1.tlog
d:\projects\cpp\visual studio 2017\doan\doan\x64\debug\doan.tlog\link-rc.write.1.tlog
d:\projects\cpp\visual studio 2017\doan\doan\x64\debug\doan.tlog\link.9248-cvtres.read.1.tlog
d:\projects\cpp\visual studio 2017\doan\doan\x64\debug\doan.tlog\link.9248-cvtres.write.1.tlog
d:\projects\cpp\visual studio 2017\doan\doan\x64\debug\doan.tlog\link.9248-rc.read.1.tlog
d:\projects\cpp\visual studio 2017\doan\doan\x64\debug\doan.tlog\link.9248-rc.write.1.tlog
d:\projects\cpp\visual studio 2017\doan\doan\x64\debug\doan.tlog\link.9248.read.1.tlog
d:\projects\cpp\visual studio 2017\doan\doan\x64\debug\doan.tlog\link.9248.write.1.tlog
d:\projects\cpp\visual studio 2017\doan\doan\x64\debug\doan.tlog\link.command.1.tlog
d:\projects\cpp\visual studio 2017\doan\doan\x64\debug\doan.tlog\link.read.1.tlog
d:\projects\cpp\visual studio 2017\doan\doan\x64\debug\doan.tlog\link.write.1.tlog
